Traceback (most recent call last):
  File "C:/Users/utente/Desktop/App Kivy/KivyMDproject/main.py", line 29, in <module>
    KivyMDproject().run()
  File "C:\Users\utente\Desktop\App Kivy\WiFi\venv\lib\site-packages\kivy\app.py", line 950, in run
    runTouchApp()
  File "C:\Users\utente\Desktop\App Kivy\WiFi\venv\lib\site-packages\kivy\base.py", line 582, in runTouchApp
    EventLoop.mainloop()
  File "C:\Users\utente\Desktop\App Kivy\WiFi\venv\lib\site-packages\kivy\base.py", line 347, in mainloop
    self.idle()
  File "C:\Users\utente\Desktop\App Kivy\WiFi\venv\lib\site-packages\kivy\base.py", line 391, in idle
    self.dispatch_input()
  File "C:\Users\utente\Desktop\App Kivy\WiFi\venv\lib\site-packages\kivy\base.py", line 342, in dispatch_input
    post_dispatch_input(*pop(0))
  File "C:\Users\utente\Desktop\App Kivy\WiFi\venv\lib\site-packages\kivy\base.py", line 248, in post_dispatch_input
    listener.dispatch('on_motion', etype, me)
  File "kivy\_event.pyx", line 709, in kivy._event.EventDispatcher.dispatch
  File "C:\Users\utente\Desktop\App Kivy\WiFi\venv\lib\site-packages\kivy\core\window\__init__.py", line 1412, in on_motion
    self.dispatch('on_touch_down', me)
  File "kivy\_event.pyx", line 709, in kivy._event.EventDispatcher.dispatch
  File "C:\Users\utente\Desktop\App Kivy\WiFi\venv\lib\site-packages\kivy\core\window\__init__.py", line 1428, in on_touch_down
    if w.dispatch('on_touch_down', touch):
  File "kivy\_event.pyx", line 709, in kivy._event.EventDispatcher.dispatch
  File "C:\Users\utente\Desktop\App Kivy\WiFi\venv\lib\site-packages\kivy\uix\screenmanager.py", line 1198, in on_touch_down
    return super(ScreenManager, self).on_touch_down(touch)
  File "C:\Users\utente\Desktop\App Kivy\WiFi\venv\lib\site-packages\kivy\uix\widget.py", line 545, in on_touch_down
    if child.dispatch('on_touch_down', touch):
  File "kivy\_event.pyx", line 709, in kivy._event.EventDispatcher.dispatch
  File "C:\Users\utente\Desktop\App Kivy\WiFi\venv\lib\site-packages\kivy\uix\relativelayout.py", line 297, in on_touch_down
    ret = super(RelativeLayout, self).on_touch_down(touch)
  File "C:\Users\utente\Desktop\App Kivy\WiFi\venv\lib\site-packages\kivy\uix\widget.py", line 545, in on_touch_down
    if child.dispatch('on_touch_down', touch):
  File "kivy\_event.pyx", line 709, in kivy._event.EventDispatcher.dispatch
  File "C:\Users\utente\Desktop\App Kivy\WiFi\venv\lib\site-packages\kivy\uix\widget.py", line 545, in on_touch_down
    if child.dispatch('on_touch_down', touch):
  File "kivy\_event.pyx", line 709, in kivy._event.EventDispatcher.dispatch
  File "C:\Users\utente\Desktop\App Kivy\WiFi\venv\lib\site-packages\kivy\uix\widget.py", line 545, in on_touch_down
    if child.dispatch('on_touch_down', touch):
  File "kivy\_event.pyx", line 709, in kivy._event.EventDispatcher.dispatch
  File "C:\Users\utente\Desktop\App Kivy\WiFi\venv\lib\site-packages\kivy\uix\screenmanager.py", line 1198, in on_touch_down
    return super(ScreenManager, self).on_touch_down(touch)
  File "C:\Users\utente\Desktop\App Kivy\WiFi\venv\lib\site-packages\kivy\uix\widget.py", line 545, in on_touch_down
    if child.dispatch('on_touch_down', touch):
  File "kivy\_event.pyx", line 709, in kivy._event.EventDispatcher.dispatch
  File "C:\Users\utente\Desktop\App Kivy\WiFi\venv\lib\site-packages\kivy\uix\relativelayout.py", line 297, in on_touch_down
    ret = super(RelativeLayout, self).on_touch_down(touch)
  File "C:\Users\utente\Desktop\App Kivy\WiFi\venv\lib\site-packages\kivy\uix\widget.py", line 545, in on_touch_down
    if child.dispatch('on_touch_down', touch):
  File "kivy\_event.pyx", line 709, in kivy._event.EventDispatcher.dispatch
  File "C:\Users\utente\Desktop\App Kivy\WiFi\venv\lib\site-packages\kivymd\uix\behaviors\ripple_behavior.py", line 255, in on_touch_down
    super().on_touch_down(touch)
  File "C:\Users\utente\Desktop\App Kivy\WiFi\venv\lib\site-packages\kivymd\uix\button.py", line 969, in on_touch_down
    return super().on_touch_down(touch)
  File "C:\Users\utente\Desktop\App Kivy\WiFi\venv\lib\site-packages\kivy\uix\behaviors\button.py", line 151, in on_touch_down
    self.dispatch('on_press')
  File "kivy\_event.pyx", line 705, in kivy._event.EventDispatcher.dispatch
  File "kivy\_event.pyx", line 1248, in kivy._event.EventObservers.dispatch
  File "kivy\_event.pyx", line 1132, in kivy._event.EventObservers._dispatch
  File "C:\Users\utente\Desktop\App Kivy\WiFi\venv\lib\site-packages\kivy\lang\builder.py", line 57, in custom_callback
    exec(__kvlang__.co_value, idmap)
  File "<string>", line 86, in <module>
  File "C:\Users\utente\Desktop\App Kivy\WiFi\venv\lib\site-packages\kivy\lang\parser.py", line 76, in __getattribute__
    return getattr(object.__getattribute__(self, '_obj'), name)
AttributeError: 'KivyMDproject' object has no attribute 'dismiss'
